# JRE version: OpenJDK Runtime Environment (11.0.12+7) (build 11.0.12+7-b1504.28-7817840)
# Java VM: OpenJDK 64-Bit Server VM (11.0.12+7-b1504.28-7817840, mixed mode, tiered, compressed oops, g1 gc, windows-amd64)
Heap:
 garbage-first heap   total 416768K, used 224376K [0x0000000080000000, 0x0000000100000000)
  region size 1024K, 60 young (61440K), 2 survivors (2048K)
 Metaspace       used 104370K, capacity 107291K, committed 108888K, reserved 1142784K
  class space    used 13740K, capacity 14890K, committed 15488K, reserved 1048576K
GC Heap History (20 events):
Event: 12.946 GC heap before
{Heap before GC invocations=24 (full 0):
 garbage-first heap   total 212992K, used 166638K [0x0000000080000000, 0x0000000100000000)
  region size 1024K, 85 young (87040K), 14 survivors (14336K)
 Metaspace       used 96277K, capacity 99499K, committed 99800K, reserved 1134592K
  class space    used 12776K, capacity 14027K, committed 14080K, reserved 1048576K
}
Event: 12.966 GC heap after
{Heap after GC invocations=25 (full 0):
 garbage-first heap   total 256000K, used 104302K [0x0000000080000000, 0x0000000100000000)
  region size 1024K, 11 young (11264K), 11 survivors (11264K)
 Metaspace       used 96277K, capacity 99499K, committed 99800K, reserved 1134592K
  class space    used 12776K, capacity 14027K, committed 14080K, reserved 1048576K
}
Event: 13.167 GC heap before
{Heap before GC invocations=25 (full 0):
 garbage-first heap   total 256000K, used 190318K [0x0000000080000000, 0x0000000100000000)
  region size 1024K, 96 young (98304K), 11 survivors (11264K)
 Metaspace       used 98302K, capacity 101612K, committed 101976K, reserved 1136640K
  class space    used 13077K, capacity 14347K, committed 14464K, reserved 1048576K
}
Event: 13.188 GC heap after
{Heap after GC invocations=26 (full 0):
 garbage-first heap   total 256000K, used 116609K [0x0000000080000000, 0x0000000100000000)
  region size 1024K, 12 young (12288K), 12 survivors (12288K)
 Metaspace       used 98302K, capacity 101612K, committed 101976K, reserved 1136640K
  class space    used 13077K, capacity 14347K, committed 14464K, reserved 1048576K
}
Event: 13.381 GC heap before
{Heap before GC invocations=26 (full 0):
 garbage-first heap   total 256000K, used 195457K [0x0000000080000000, 0x0000000100000000)
  region size 1024K, 90 young (92160K), 12 survivors (12288K)
 Metaspace       used 99524K, capacity 103007K, committed 103256K, reserved 1138688K
  class space    used 13275K, capacity 14647K, committed 14720K, reserved 1048576K
}
Event: 13.404 GC heap after
{Heap after GC invocations=27 (full 0):
 garbage-first heap   total 256000K, used 129439K [0x0000000080000000, 0x0000000100000000)
  region size 1024K, 12 young (12288K), 12 survivors (12288K)
 Metaspace       used 99524K, capacity 103007K, committed 103256K, reserved 1138688K
  class space    used 13275K, capacity 14647K, committed 14720K, reserved 1048576K
}
Event: 13.542 GC heap before
{Heap before GC invocations=27 (full 0):
 garbage-first heap   total 256000K, used 201119K [0x0000000080000000, 0x0000000100000000)
  region size 1024K, 83 young (84992K), 12 survivors (12288K)
 Metaspace       used 100281K, capacity 103824K, committed 104152K, reserved 1138688K
  class space    used 13388K, capacity 14760K, committed 14848K, reserved 1048576K
}
Event: 13.574 GC heap after
{Heap after GC invocations=28 (full 0):
 garbage-first heap   total 256000K, used 141999K [0x0000000080000000, 0x0000000100000000)
  region size 1024K, 11 young (11264K), 11 survivors (11264K)
 Metaspace       used 100281K, capacity 103824K, committed 104152K, reserved 1138688K
  class space    used 13388K, capacity 14760K, committed 14848K, reserved 1048576K
}
Event: 13.695 GC heap before
{Heap before GC invocations=28 (full 0):
 garbage-first heap   total 256000K, used 206511K [0x0000000080000000, 0x0000000100000000)
  region size 1024K, 72 young (73728K), 11 survivors (11264K)
 Metaspace       used 101032K, capacity 104610K, committed 104792K, reserved 1138688K
  class space    used 13531K, capacity 14923K, committed 14976K, reserved 1048576K
}
Event: 13.731 GC heap after
{Heap after GC invocations=29 (full 0):
 garbage-first heap   total 321536K, used 153314K [0x0000000080000000, 0x0000000100000000)
  region size 1024K, 9 young (9216K), 9 survivors (9216K)
 Metaspace       used 101032K, capacity 104610K, committed 104792K, reserved 1138688K
  class space    used 13531K, capacity 14923K, committed 14976K, reserved 1048576K
}
Event: 14.033 GC heap before
{Heap before GC invocations=30 (full 0):
 garbage-first heap   total 321536K, used 241378K [0x0000000080000000, 0x0000000100000000)
  region size 1024K, 96 young (98304K), 9 survivors (9216K)
 Metaspace       used 102180K, capacity 105276K, committed 106712K, reserved 1140736K
  class space    used 13590K, capacity 14796K, committed 15360K, reserved 1048576K
}
Event: 14.052 GC heap after
{Heap after GC invocations=31 (full 0):
 garbage-first heap   total 321536K, used 165502K [0x0000000080000000, 0x0000000100000000)
  region size 1024K, 11 young (11264K), 11 survivors (11264K)
 Metaspace       used 102180K, capacity 105276K, committed 106712K, reserved 1140736K
  class space    used 13590K, capacity 14796K, committed 15360K, reserved 1048576K
}
Event: 14.316 GC heap before
{Heap before GC invocations=31 (full 0):
 garbage-first heap   total 321536K, used 249470K [0x0000000080000000, 0x0000000100000000)
  region size 1024K, 94 young (96256K), 11 survivors (11264K)
 Metaspace       used 103367K, capacity 106556K, committed 107864K, reserved 1142784K
  class space    used 13754K, capacity 14995K, committed 15488K, reserved 1048576K
}
Event: 14.330 GC heap after
{Heap after GC invocations=32 (full 0):
 garbage-first heap   total 321536K, used 169088K [0x0000000080000000, 0x0000000100000000)
  region size 1024K, 4 young (4096K), 4 survivors (4096K)
 Metaspace       used 103367K, capacity 106556K, committed 107864K, reserved 1142784K
  class space    used 13754K, capacity 14995K, committed 15488K, reserved 1048576K
}
Event: 14.733 GC heap before
{Heap before GC invocations=33 (full 0):
 garbage-first heap   total 321536K, used 255104K [0x0000000080000000, 0x0000000100000000)
  region size 1024K, 89 young (91136K), 4 survivors (4096K)
 Metaspace       used 103994K, capacity 107061K, committed 108376K, reserved 1142784K
  class space    used 13772K, capacity 14955K, committed 15488K, reserved 1048576K
}
Event: 14.739 GC heap after
{Heap after GC invocations=34 (full 0):
 garbage-first heap   total 321536K, used 168835K [0x0000000080000000, 0x0000000100000000)
  region size 1024K, 4 young (4096K), 4 survivors (4096K)
 Metaspace       used 103994K, capacity 107061K, committed 108376K, reserved 1142784K
  class space    used 13772K, capacity 14955K, committed 15488K, reserved 1048576K
}
Event: 14.770 GC heap before
{Heap before GC invocations=34 (full 0):
 garbage-first heap   total 321536K, used 179075K [0x0000000080000000, 0x0000000100000000)
  region size 1024K, 15 young (15360K), 4 survivors (4096K)
 Metaspace       used 104026K, capacity 107072K, committed 108376K, reserved 1142784K
  class space    used 13775K, capacity 14959K, committed 15488K, reserved 1048576K
}
Event: 14.780 GC heap after
{Heap after GC invocations=35 (full 0):
 garbage-first heap   total 321536K, used 166396K [0x0000000080000000, 0x0000000100000000)
  region size 1024K, 1 young (1024K), 1 survivors (1024K)
 Metaspace       used 104026K, capacity 107072K, committed 108376K, reserved 1142784K
  class space    used 13775K, capacity 14959K, committed 15488K, reserved 1048576K
}
Event: 15.023 GC heap before
{Heap before GC invocations=35 (full 0):
 garbage-first heap   total 321536K, used 257532K [0x0000000080000000, 0x0000000100000000)
  region size 1024K, 90 young (92160K), 1 survivors (1024K)
 Metaspace       used 104496K, capacity 107624K, committed 108888K, reserved 1142784K
  class space    used 13835K, capacity 15057K, committed 15488K, reserved 1048576K
}
Event: 15.032 GC heap after
{Heap after GC invocations=36 (full 0):
 garbage-first heap   total 416768K, used 167032K [0x0000000080000000, 0x0000000100000000)
  region size 1024K, 2 young (2048K), 2 survivors (2048K)
 Metaspace       used 104496K, capacity 107624K, committed 108888K, reserved 1142784K
  class space    used 13835K, capacity 15057K, committed 15488K, reserved 1048576K
}

