# JRE version: OpenJDK Runtime Environment (11.0.12+7) (build 11.0.12+7-b1504.28-7817840)
# Java VM: OpenJDK 64-Bit Server VM (11.0.12+7-b1504.28-7817840, mixed mode, tiered, compressed oops, g1 gc, windows-amd64)
Heap:
 garbage-first heap   total 376832K, used 252109K [0x0000000080000000, 0x0000000100000000)
  region size 1024K, 83 young (84992K), 15 survivors (15360K)
 Metaspace       used 155963K, capacity 160475K, committed 160844K, reserved 1208320K
  class space    used 19579K, capacity 21197K, committed 21324K, reserved 1048576K
GC Heap History (20 events):
Event: 271.088 GC heap before
{Heap before GC invocations=97 (full 0):
 garbage-first heap   total 376832K, used 208115K [0x0000000080000000, 0x0000000100000000)
  region size 1024K, 19 young (19456K), 18 survivors (18432K)
 Metaspace       used 137918K, capacity 141718K, committed 142028K, reserved 1173504K
  class space    used 17423K, capacity 18748K, committed 18892K, reserved 1048576K
}
Event: 271.105 GC heap after
{Heap after GC invocations=98 (full 0):
 garbage-first heap   total 376832K, used 200019K [0x0000000080000000, 0x0000000100000000)
  region size 1024K, 3 young (3072K), 3 survivors (3072K)
 Metaspace       used 137918K, capacity 141718K, committed 142028K, reserved 1173504K
  class space    used 17423K, capacity 18748K, committed 18892K, reserved 1048576K
}
Event: 271.807 GC heap before
{Heap before GC invocations=98 (full 0):
 garbage-first heap   total 376832K, used 307539K [0x0000000080000000, 0x0000000100000000)
  region size 1024K, 109 young (111616K), 3 survivors (3072K)
 Metaspace       used 142874K, capacity 146613K, committed 147020K, reserved 1177600K
  class space    used 17820K, capacity 19134K, committed 19276K, reserved 1048576K
}
Event: 271.820 GC heap after
{Heap after GC invocations=99 (full 0):
 garbage-first heap   total 376832K, used 208388K [0x0000000080000000, 0x0000000100000000)
  region size 1024K, 12 young (12288K), 12 survivors (12288K)
 Metaspace       used 142874K, capacity 146613K, committed 147020K, reserved 1177600K
  class space    used 17820K, capacity 19134K, committed 19276K, reserved 1048576K
}
Event: 272.477 GC heap before
{Heap before GC invocations=100 (full 0):
 garbage-first heap   total 376832K, used 291332K [0x0000000080000000, 0x0000000100000000)
  region size 1024K, 111 young (113664K), 12 survivors (12288K)
 Metaspace       used 142923K, capacity 146669K, committed 147020K, reserved 1177600K
  class space    used 17819K, capacity 19132K, committed 19276K, reserved 1048576K
}
Event: 272.485 GC heap after
{Heap after GC invocations=101 (full 0):
 garbage-first heap   total 376832K, used 187765K [0x0000000080000000, 0x0000000100000000)
  region size 1024K, 3 young (3072K), 3 survivors (3072K)
 Metaspace       used 142923K, capacity 146669K, committed 147020K, reserved 1177600K
  class space    used 17819K, capacity 19132K, committed 19276K, reserved 1048576K
}
Event: 272.516 GC heap before
{Heap before GC invocations=101 (full 0):
 garbage-first heap   total 376832K, used 203125K [0x0000000080000000, 0x0000000100000000)
  region size 1024K, 18 young (18432K), 3 survivors (3072K)
 Metaspace       used 142923K, capacity 146669K, committed 147020K, reserved 1177600K
  class space    used 17819K, capacity 19132K, committed 19276K, reserved 1048576K
}
Event: 272.523 GC heap after
{Heap after GC invocations=102 (full 0):
 garbage-first heap   total 376832K, used 170377K [0x0000000080000000, 0x0000000100000000)
  region size 1024K, 2 young (2048K), 2 survivors (2048K)
 Metaspace       used 142923K, capacity 146669K, committed 147020K, reserved 1177600K
  class space    used 17819K, capacity 19132K, committed 19276K, reserved 1048576K
}
Event: 272.789 GC heap before
{Heap before GC invocations=102 (full 0):
 garbage-first heap   total 376832K, used 210313K [0x0000000080000000, 0x0000000100000000)
  region size 1024K, 42 young (43008K), 2 survivors (2048K)
 Metaspace       used 142923K, capacity 146669K, committed 147020K, reserved 1177600K
  class space    used 17819K, capacity 19132K, committed 19276K, reserved 1048576K
}
Event: 272.792 GC heap after
{Heap after GC invocations=103 (full 0):
 garbage-first heap   total 376832K, used 166775K [0x0000000080000000, 0x0000000100000000)
  region size 1024K, 1 young (1024K), 1 survivors (1024K)
 Metaspace       used 142923K, capacity 146669K, committed 147020K, reserved 1177600K
  class space    used 17819K, capacity 19132K, committed 19276K, reserved 1048576K
}
Event: 274.749 GC heap before
{Heap before GC invocations=104 (full 0):
 garbage-first heap   total 376832K, used 308087K [0x0000000080000000, 0x0000000100000000)
  region size 1024K, 140 young (143360K), 1 survivors (1024K)
 Metaspace       used 144906K, capacity 148749K, committed 149068K, reserved 1179648K
  class space    used 18034K, capacity 19380K, committed 19532K, reserved 1048576K
}
Event: 274.757 GC heap after
{Heap after GC invocations=105 (full 0):
 garbage-first heap   total 376832K, used 169523K [0x0000000080000000, 0x0000000100000000)
  region size 1024K, 6 young (6144K), 6 survivors (6144K)
 Metaspace       used 144906K, capacity 148749K, committed 149068K, reserved 1179648K
  class space    used 18034K, capacity 19380K, committed 19532K, reserved 1048576K
}
Event: 274.979 GC heap before
{Heap before GC invocations=105 (full 0):
 garbage-first heap   total 376832K, used 180787K [0x0000000080000000, 0x0000000100000000)
  region size 1024K, 18 young (18432K), 6 survivors (6144K)
 Metaspace       used 145852K, capacity 149737K, committed 149964K, reserved 1179648K
  class space    used 18143K, capacity 19517K, committed 19660K, reserved 1048576K
}
Event: 274.987 GC heap after
{Heap after GC invocations=106 (full 0):
 garbage-first heap   total 376832K, used 166398K [0x0000000080000000, 0x0000000100000000)
  region size 1024K, 1 young (1024K), 1 survivors (1024K)
 Metaspace       used 145852K, capacity 149737K, committed 149964K, reserved 1179648K
  class space    used 18143K, capacity 19517K, committed 19660K, reserved 1048576K
}
Event: 275.898 GC heap before
{Heap before GC invocations=106 (full 0):
 garbage-first heap   total 376832K, used 310782K [0x0000000080000000, 0x0000000100000000)
  region size 1024K, 143 young (146432K), 1 survivors (1024K)
 Metaspace       used 149454K, capacity 153357K, committed 153676K, reserved 1183744K
  class space    used 18583K, capacity 19922K, committed 20044K, reserved 1048576K
}
Event: 275.905 GC heap after
{Heap after GC invocations=107 (full 0):
 garbage-first heap   total 376832K, used 169850K [0x0000000080000000, 0x0000000100000000)
  region size 1024K, 5 young (5120K), 5 survivors (5120K)
 Metaspace       used 149454K, capacity 153357K, committed 153676K, reserved 1183744K
  class space    used 18583K, capacity 19922K, committed 20044K, reserved 1048576K
}
Event: 276.961 GC heap before
{Heap before GC invocations=107 (full 0):
 garbage-first heap   total 376832K, used 313210K [0x0000000080000000, 0x0000000100000000)
  region size 1024K, 146 young (149504K), 5 survivors (5120K)
 Metaspace       used 150617K, capacity 154601K, committed 154828K, reserved 1183744K
  class space    used 18741K, capacity 20138K, committed 20172K, reserved 1048576K
}
Event: 276.976 GC heap after
{Heap after GC invocations=108 (full 0):
 garbage-first heap   total 376832K, used 178144K [0x0000000080000000, 0x0000000100000000)
  region size 1024K, 13 young (13312K), 13 survivors (13312K)
 Metaspace       used 150617K, capacity 154601K, committed 154828K, reserved 1183744K
  class space    used 18741K, capacity 20138K, committed 20172K, reserved 1048576K
}
Event: 277.256 GC heap before
{Heap before GC invocations=108 (full 0):
 garbage-first heap   total 376832K, used 281568K [0x0000000080000000, 0x0000000100000000)
  region size 1024K, 114 young (116736K), 13 survivors (13312K)
 Metaspace       used 151727K, capacity 155728K, committed 155852K, reserved 1191936K
  class space    used 18903K, capacity 20341K, committed 20428K, reserved 1048576K
}
Event: 277.270 GC heap after
{Heap after GC invocations=109 (full 0):
 garbage-first heap   total 376832K, used 184525K [0x0000000080000000, 0x0000000100000000)
  region size 1024K, 15 young (15360K), 15 survivors (15360K)
 Metaspace       used 151727K, capacity 155728K, committed 155852K, reserved 1191936K
  class space    used 18903K, capacity 20341K, committed 20428K, reserved 1048576K
}

