# JRE version: OpenJDK Runtime Environment (11.0.12+7) (build 11.0.12+7-b1504.28-7817840)
# Java VM: OpenJDK 64-Bit Server VM (11.0.12+7-b1504.28-7817840, mixed mode, tiered, compressed oops, g1 gc, windows-amd64)
Heap:
 garbage-first heap   total 723968K, used 221392K [0x0000000080000000, 0x0000000100000000)
  region size 1024K, 8 young (8192K), 8 survivors (8192K)
 Metaspace       used 125786K, capacity 129587K, committed 129964K, reserved 1161216K
  class space    used 16401K, capacity 17835K, committed 17920K, reserved 1048576K
GC Heap History (20 events):
Event: 30.373 GC heap after
{Heap after GC invocations=55 (full 0):
 garbage-first heap   total 212992K, used 153181K [0x0000000080000000, 0x0000000100000000)
  region size 1024K, 5 young (5120K), 5 survivors (5120K)
 Metaspace       used 115299K, capacity 118680K, committed 118956K, reserved 1153024K
  class space    used 14818K, capacity 16048K, committed 16128K, reserved 1048576K
}
Event: 30.504 GC heap before
{Heap before GC invocations=56 (full 0):
 garbage-first heap   total 212992K, used 178781K [0x0000000080000000, 0x0000000100000000)
  region size 1024K, 31 young (31744K), 5 survivors (5120K)
 Metaspace       used 116084K, capacity 119472K, committed 119596K, reserved 1153024K
  class space    used 14938K, capacity 16187K, committed 16256K, reserved 1048576K
}
Event: 30.509 GC heap after
{Heap after GC invocations=57 (full 0):
 garbage-first heap   total 212992K, used 156350K [0x0000000080000000, 0x0000000100000000)
  region size 1024K, 4 young (4096K), 4 survivors (4096K)
 Metaspace       used 116084K, capacity 119472K, committed 119596K, reserved 1153024K
  class space    used 14938K, capacity 16187K, committed 16256K, reserved 1048576K
}
Event: 30.534 GC heap before
{Heap before GC invocations=57 (full 0):
 garbage-first heap   total 212992K, used 162494K [0x0000000080000000, 0x0000000100000000)
  region size 1024K, 10 young (10240K), 4 survivors (4096K)
 Metaspace       used 116427K, capacity 119900K, committed 120236K, reserved 1153024K
  class space    used 15004K, capacity 16294K, committed 16384K, reserved 1048576K
}
Event: 30.546 GC heap after
{Heap after GC invocations=58 (full 0):
 garbage-first heap   total 256000K, used 156251K [0x0000000080000000, 0x0000000100000000)
  region size 1024K, 1 young (1024K), 1 survivors (1024K)
 Metaspace       used 116427K, capacity 119900K, committed 120236K, reserved 1153024K
  class space    used 15004K, capacity 16294K, committed 16384K, reserved 1048576K
}
Event: 30.738 GC heap before
{Heap before GC invocations=58 (full 0):
 garbage-first heap   total 256000K, used 200283K [0x0000000080000000, 0x0000000100000000)
  region size 1024K, 45 young (46080K), 1 survivors (1024K)
 Metaspace       used 118616K, capacity 122311K, committed 122412K, reserved 1155072K
  class space    used 15343K, capacity 16716K, committed 16768K, reserved 1048576K
}
Event: 30.750 GC heap after
{Heap after GC invocations=59 (full 0):
 garbage-first heap   total 256000K, used 163502K [0x0000000080000000, 0x0000000100000000)
  region size 1024K, 6 young (6144K), 6 survivors (6144K)
 Metaspace       used 118616K, capacity 122311K, committed 122412K, reserved 1155072K
  class space    used 15343K, capacity 16716K, committed 16768K, reserved 1048576K
}
Event: 30.835 GC heap before
{Heap before GC invocations=59 (full 0):
 garbage-first heap   total 256000K, used 204462K [0x0000000080000000, 0x0000000100000000)
  region size 1024K, 47 young (48128K), 6 survivors (6144K)
 Metaspace       used 119144K, capacity 122865K, committed 123052K, reserved 1155072K
  class space    used 15432K, capacity 16816K, committed 16896K, reserved 1048576K
}
Event: 30.849 GC heap after
{Heap after GC invocations=60 (full 0):
 garbage-first heap   total 256000K, used 171906K [0x0000000080000000, 0x0000000100000000)
  region size 1024K, 6 young (6144K), 6 survivors (6144K)
 Metaspace       used 119144K, capacity 122865K, committed 123052K, reserved 1155072K
  class space    used 15432K, capacity 16816K, committed 16896K, reserved 1048576K
}
Event: 30.977 GC heap before
{Heap before GC invocations=61 (full 0):
 garbage-first heap   total 256000K, used 207746K [0x0000000080000000, 0x0000000100000000)
  region size 1024K, 42 young (43008K), 6 survivors (6144K)
 Metaspace       used 120145K, capacity 123774K, committed 124204K, reserved 1157120K
  class space    used 15544K, capacity 16902K, committed 17024K, reserved 1048576K
}
Event: 30.988 GC heap after
{Heap after GC invocations=62 (full 0):
 garbage-first heap   total 256000K, used 178701K [0x0000000080000000, 0x0000000100000000)
  region size 1024K, 6 young (6144K), 6 survivors (6144K)
 Metaspace       used 120145K, capacity 123774K, committed 124204K, reserved 1157120K
  class space    used 15544K, capacity 16902K, committed 17024K, reserved 1048576K
}
Event: 30.999 GC heap before
{Heap before GC invocations=62 (full 0):
 garbage-first heap   total 256000K, used 184845K [0x0000000080000000, 0x0000000100000000)
  region size 1024K, 12 young (12288K), 6 survivors (6144K)
 Metaspace       used 120275K, capacity 123907K, committed 124204K, reserved 1157120K
  class space    used 15554K, capacity 16903K, committed 17024K, reserved 1048576K
}
Event: 31.011 GC heap after
{Heap after GC invocations=63 (full 0):
 garbage-first heap   total 379904K, used 179636K [0x0000000080000000, 0x0000000100000000)
  region size 1024K, 2 young (2048K), 2 survivors (2048K)
 Metaspace       used 120275K, capacity 123907K, committed 124204K, reserved 1157120K
  class space    used 15554K, capacity 16903K, committed 17024K, reserved 1048576K
}
Event: 31.217 GC heap before
{Heap before GC invocations=63 (full 0):
 garbage-first heap   total 379904K, used 257460K [0x0000000080000000, 0x0000000100000000)
  region size 1024K, 78 young (79872K), 2 survivors (2048K)
 Metaspace       used 121584K, capacity 125315K, committed 125484K, reserved 1157120K
  class space    used 15778K, capacity 17190K, committed 17280K, reserved 1048576K
}
Event: 31.235 GC heap after
{Heap after GC invocations=64 (full 0):
 garbage-first heap   total 379904K, used 190079K [0x0000000080000000, 0x0000000100000000)
  region size 1024K, 10 young (10240K), 10 survivors (10240K)
 Metaspace       used 121584K, capacity 125315K, committed 125484K, reserved 1157120K
  class space    used 15778K, capacity 17190K, committed 17280K, reserved 1048576K
}
Event: 31.512 GC heap before
{Heap before GC invocations=65 (full 0):
 garbage-first heap   total 379904K, used 268927K [0x0000000080000000, 0x0000000100000000)
  region size 1024K, 87 young (89088K), 10 survivors (10240K)
 Metaspace       used 122848K, capacity 126462K, committed 127276K, reserved 1159168K
  class space    used 15905K, capacity 17266K, committed 17536K, reserved 1048576K
}
Event: 31.533 GC heap after
{Heap after GC invocations=66 (full 0):
 garbage-first heap   total 379904K, used 202050K [0x0000000080000000, 0x0000000100000000)
  region size 1024K, 11 young (11264K), 11 survivors (11264K)
 Metaspace       used 122848K, capacity 126462K, committed 127276K, reserved 1159168K
  class space    used 15905K, capacity 17266K, committed 17536K, reserved 1048576K
}
Event: 31.660 GC heap before
{Heap before GC invocations=66 (full 0):
 garbage-first heap   total 379904K, used 268610K [0x0000000080000000, 0x0000000100000000)
  region size 1024K, 77 young (78848K), 11 survivors (11264K)
 Metaspace       used 124397K, capacity 128206K, committed 128428K, reserved 1161216K
  class space    used 16164K, capacity 17597K, committed 17664K, reserved 1048576K
}
Event: 31.677 GC heap after
{Heap after GC invocations=67 (full 0):
 garbage-first heap   total 379904K, used 214011K [0x0000000080000000, 0x0000000100000000)
  region size 1024K, 11 young (11264K), 11 survivors (11264K)
 Metaspace       used 124397K, capacity 128206K, committed 128428K, reserved 1161216K
  class space    used 16164K, capacity 17597K, committed 17664K, reserved 1048576K
}
Event: 31.999 GC heap before
{Heap before GC invocations=68 (full 0):
 garbage-first heap   total 379904K, used 289787K [0x0000000080000000, 0x0000000100000000)
  region size 1024K, 83 young (84992K), 11 survivors (11264K)
 Metaspace       used 125786K, capacity 129587K, committed 129964K, reserved 1161216K
  class space    used 16401K, capacity 17835K, committed 17920K, reserved 1048576K
}

