# JRE version: OpenJDK Runtime Environment (11.0.12+7) (build 11.0.12+7-b1504.28-7817840)
# Java VM: OpenJDK 64-Bit Server VM (11.0.12+7-b1504.28-7817840, mixed mode, tiered, compressed oops, g1 gc, windows-amd64)
Heap:
 garbage-first heap   total 577536K, used 215136K [0x0000000080000000, 0x0000000100000000)
  region size 1024K, 7 young (7168K), 7 survivors (7168K)
 Metaspace       used 128533K, capacity 132335K, committed 132524K, reserved 1163264K
  class space    used 16617K, capacity 18067K, committed 18176K, reserved 1048576K
GC Heap History (20 events):
Event: 30.563 GC heap after
{Heap after GC invocations=48 (full 0):
 garbage-first heap   total 256000K, used 155915K [0x0000000080000000, 0x0000000100000000)
  region size 1024K, 10 young (10240K), 10 survivors (10240K)
 Metaspace       used 121344K, capacity 124839K, committed 125100K, reserved 1157120K
  class space    used 15563K, capacity 16818K, committed 16896K, reserved 1048576K
}
Event: 30.666 GC heap before
{Heap before GC invocations=48 (full 0):
 garbage-first heap   total 256000K, used 212235K [0x0000000080000000, 0x0000000100000000)
  region size 1024K, 66 young (67584K), 10 survivors (10240K)
 Metaspace       used 122193K, capacity 125638K, committed 125740K, reserved 1159168K
  class space    used 15680K, capacity 16934K, committed 17024K, reserved 1048576K
}
Event: 30.684 GC heap after
{Heap after GC invocations=49 (full 0):
 garbage-first heap   total 256000K, used 167048K [0x0000000080000000, 0x0000000100000000)
  region size 1024K, 9 young (9216K), 9 survivors (9216K)
 Metaspace       used 122193K, capacity 125638K, committed 125740K, reserved 1159168K
  class space    used 15680K, capacity 16934K, committed 17024K, reserved 1048576K
}
Event: 30.893 GC heap before
{Heap before GC invocations=50 (full 0):
 garbage-first heap   total 256000K, used 206984K [0x0000000080000000, 0x0000000100000000)
  region size 1024K, 50 young (51200K), 9 survivors (9216K)
 Metaspace       used 123650K, capacity 127322K, committed 127532K, reserved 1159168K
  class space    used 15919K, capacity 17230K, committed 17280K, reserved 1048576K
}
Event: 30.899 GC heap after
{Heap after GC invocations=51 (full 0):
 garbage-first heap   total 256000K, used 167851K [0x0000000080000000, 0x0000000100000000)
  region size 1024K, 5 young (5120K), 5 survivors (5120K)
 Metaspace       used 123650K, capacity 127322K, committed 127532K, reserved 1159168K
  class space    used 15919K, capacity 17230K, committed 17280K, reserved 1048576K
}
Event: 31.125 GC heap before
{Heap before GC invocations=52 (full 0):
 garbage-first heap   total 256000K, used 213931K [0x0000000080000000, 0x0000000100000000)
  region size 1024K, 49 young (50176K), 5 survivors (5120K)
 Metaspace       used 125487K, capacity 129170K, committed 129452K, reserved 1161216K
  class space    used 16172K, capacity 17521K, committed 17664K, reserved 1048576K
}
Event: 31.148 GC heap after
{Heap after GC invocations=53 (full 0):
 garbage-first heap   total 256000K, used 174193K [0x0000000080000000, 0x0000000100000000)
  region size 1024K, 7 young (7168K), 7 survivors (7168K)
 Metaspace       used 125487K, capacity 129170K, committed 129452K, reserved 1161216K
  class space    used 16172K, capacity 17521K, committed 17664K, reserved 1048576K
}
Event: 31.161 GC heap before
{Heap before GC invocations=53 (full 0):
 garbage-first heap   total 256000K, used 179313K [0x0000000080000000, 0x0000000100000000)
  region size 1024K, 12 young (12288K), 7 survivors (7168K)
 Metaspace       used 125537K, capacity 129203K, committed 129452K, reserved 1161216K
  class space    used 16185K, capacity 17532K, committed 17664K, reserved 1048576K
}
Event: 31.172 GC heap after
{Heap after GC invocations=54 (full 0):
 garbage-first heap   total 256000K, used 174186K [0x0000000080000000, 0x0000000100000000)
  region size 1024K, 2 young (2048K), 2 survivors (2048K)
 Metaspace       used 125537K, capacity 129203K, committed 129452K, reserved 1161216K
  class space    used 16185K, capacity 17532K, committed 17664K, reserved 1048576K
}
Event: 31.258 GC heap before
{Heap before GC invocations=54 (full 0):
 garbage-first heap   total 256000K, used 213098K [0x0000000080000000, 0x0000000100000000)
  region size 1024K, 40 young (40960K), 2 survivors (2048K)
 Metaspace       used 126202K, capacity 129895K, committed 129964K, reserved 1161216K
  class space    used 16280K, capacity 17634K, committed 17664K, reserved 1048576K
}
Event: 31.269 GC heap after
{Heap after GC invocations=55 (full 0):
 garbage-first heap   total 256000K, used 182083K [0x0000000080000000, 0x0000000100000000)
  region size 1024K, 5 young (5120K), 5 survivors (5120K)
 Metaspace       used 126202K, capacity 129895K, committed 129964K, reserved 1161216K
  class space    used 16280K, capacity 17634K, committed 17664K, reserved 1048576K
}
Event: 31.375 GC heap before
{Heap before GC invocations=55 (full 0):
 garbage-first heap   total 256000K, used 213827K [0x0000000080000000, 0x0000000100000000)
  region size 1024K, 37 young (37888K), 5 survivors (5120K)
 Metaspace       used 126731K, capacity 130408K, committed 130604K, reserved 1163264K
  class space    used 16338K, capacity 17698K, committed 17792K, reserved 1048576K
}
Event: 31.389 GC heap after
{Heap after GC invocations=56 (full 0):
 garbage-first heap   total 307200K, used 188599K [0x0000000080000000, 0x0000000100000000)
  region size 1024K, 5 young (5120K), 5 survivors (5120K)
 Metaspace       used 126731K, capacity 130408K, committed 130604K, reserved 1163264K
  class space    used 16338K, capacity 17698K, committed 17792K, reserved 1048576K
}
Event: 31.596 GC heap before
{Heap before GC invocations=57 (full 0):
 garbage-first heap   total 307200K, used 246967K [0x0000000080000000, 0x0000000100000000)
  region size 1024K, 63 young (64512K), 5 survivors (5120K)
 Metaspace       used 127925K, capacity 131718K, committed 131884K, reserved 1163264K
  class space    used 16504K, capacity 17951K, committed 18048K, reserved 1048576K
}
Event: 31.622 GC heap after
{Heap after GC invocations=58 (full 0):
 garbage-first heap   total 307200K, used 199332K [0x0000000080000000, 0x0000000100000000)
  region size 1024K, 8 young (8192K), 8 survivors (8192K)
 Metaspace       used 127925K, capacity 131718K, committed 131884K, reserved 1163264K
  class space    used 16504K, capacity 17951K, committed 18048K, reserved 1048576K
}
Event: 31.634 GC heap before
{Heap before GC invocations=58 (full 0):
 garbage-first heap   total 307200K, used 206500K [0x0000000080000000, 0x0000000100000000)
  region size 1024K, 15 young (15360K), 8 survivors (8192K)
 Metaspace       used 127950K, capacity 131742K, committed 131884K, reserved 1163264K
  class space    used 16511K, capacity 17959K, committed 18048K, reserved 1048576K
}
Event: 31.646 GC heap after
{Heap after GC invocations=59 (full 0):
 garbage-first heap   total 307200K, used 197018K [0x0000000080000000, 0x0000000100000000)
  region size 1024K, 2 young (2048K), 2 survivors (2048K)
 Metaspace       used 127950K, capacity 131742K, committed 131884K, reserved 1163264K
  class space    used 16511K, capacity 17959K, committed 18048K, reserved 1048576K
}
Event: 31.700 GC heap before
{Heap before GC invocations=59 (full 0):
 garbage-first heap   total 307200K, used 250266K [0x0000000080000000, 0x0000000100000000)
  region size 1024K, 54 young (55296K), 2 survivors (2048K)
 Metaspace       used 128102K, capacity 131932K, committed 132140K, reserved 1163264K
  class space    used 16532K, capacity 17997K, committed 18048K, reserved 1048576K
}
Event: 31.723 GC heap after
{Heap after GC invocations=60 (full 0):
 garbage-first heap   total 307200K, used 206387K [0x0000000080000000, 0x0000000100000000)
  region size 1024K, 7 young (7168K), 7 survivors (7168K)
 Metaspace       used 128102K, capacity 131932K, committed 132140K, reserved 1163264K
  class space    used 16532K, capacity 17997K, committed 18048K, reserved 1048576K
}
Event: 31.781 GC heap before
{Heap before GC invocations=60 (full 0):
 garbage-first heap   total 307200K, used 254515K [0x0000000080000000, 0x0000000100000000)
  region size 1024K, 54 young (55296K), 7 survivors (7168K)
 Metaspace       used 128533K, capacity 132335K, committed 132524K, reserved 1163264K
  class space    used 16617K, capacity 18067K, committed 18176K, reserved 1048576K
}

